2026.02.02 18:40:17 INFO  Started: Metals version 1.6.5 in folders '/Users/hector/Software-architecture' for client Visual Studio Code 1.108.1.
2026.02.02 18:40:17 INFO  Memory monitor started
2026.02.02 18:40:17 WARN  Using H2 2.4.240 which is newer than the version Flyway has been verified with. The latest verified version of H2 is 2.3.232.
2026.02.02 18:48:58 INFO  no build target found for /Users/hector/Software-architecture/backend/src/main/java/com/parking/ParkingApplication.java. Using fallback presentation compiler.
2026.02.02 18:48:58 INFO  no build target found for /Users/hector/Software-architecture/backend/src/main/java/com/parking/ParkingApplication.java. Using fallback presentation compiler.
2026.02.02 18:49:03 INFO  no build target found for /Users/hector/Software-architecture/backend/src/main/java/com/parking/ParkingApplication.java. Using fallback presentation compiler.
2026.02.02 18:49:03 INFO  no build target found for /Users/hector/Software-architecture/backend/src/main/java/com/parking/shared/config/CorsConfig.java. Using fallback presentation compiler.
2026.02.02 18:49:03 INFO  no build target found for /Users/hector/Software-architecture/backend/src/main/java/com/parking/shared/config/CorsConfig.java. Using fallback presentation compiler.
2026.02.02 18:49:05 INFO  no build target found for /Users/hector/Software-architecture/backend/src/main/java/com/parking/shared/config/CorsConfig.java. Using fallback presentation compiler.
2026.02.02 18:49:19 INFO  no build target found for /Users/hector/Software-architecture/backend/src/main/java/com/parking/shared/config/CorsConfig.java. Using fallback presentation compiler.
2026.02.02 18:49:19 INFO  no build target found for /Users/hector/Software-architecture/backend/src/main/java/com/parking/shared/config/RabbitMQConfig.java. Using fallback presentation compiler.
2026.02.02 18:49:19 INFO  no build target found for /Users/hector/Software-architecture/backend/src/main/java/com/parking/shared/config/RabbitMQConfig.java. Using fallback presentation compiler.
2026.02.02 18:49:22 INFO  no build target found for /Users/hector/Software-architecture/backend/src/main/java/com/parking/shared/config/RabbitMQConfig.java. Using fallback presentation compiler.
2026.02.02 18:49:22 INFO  no build target found for /Users/hector/Software-architecture/backend/src/main/java/com/parking/ParkingApplication.java. Using fallback presentation compiler.
2026.02.02 18:49:23 INFO  no build target found for /Users/hector/Software-architecture/backend/src/main/java/com/parking/ParkingApplication.java. Using fallback presentation compiler.
2026.02.02 18:49:30 INFO  no build target found for /Users/hector/Software-architecture/backend/src/main/java/com/parking/ParkingApplication.java. Using fallback presentation compiler.
2026.02.02 18:49:30 INFO  no build target found for /Users/hector/Software-architecture/backend/src/main/java/com/parking/parking/controller/ParkingSpotController.java. Using fallback presentation compiler.
2026.02.02 18:49:30 INFO  no build target found for /Users/hector/Software-architecture/backend/src/main/java/com/parking/parking/controller/ParkingSpotController.java. Using fallback presentation compiler.
2026.02.02 18:49:39 INFO  no build target found for /Users/hector/Software-architecture/backend/src/main/java/com/parking/parking/controller/ParkingSpotController.java. Using fallback presentation compiler.
2026.02.02 18:49:39 INFO  no build target found for /Users/hector/Software-architecture/backend/src/main/java/com/parking/parking/model/ParkingSpot.java. Using fallback presentation compiler.
2026.02.02 18:49:39 INFO  no build target found for /Users/hector/Software-architecture/backend/src/main/java/com/parking/parking/model/ParkingSpot.java. Using fallback presentation compiler.
2026.02.02 18:50:00 INFO  no build target found for /Users/hector/Software-architecture/backend/src/main/java/com/parking/parking/model/ParkingSpot.java. Using fallback presentation compiler.
2026.02.02 18:50:57 INFO  no build target found for /Users/hector/Software-architecture/backend/src/main/java/com/parking/ParkingApplication.java. Using fallback presentation compiler.
2026.02.02 18:50:57 INFO  no build target found for /Users/hector/Software-architecture/backend/src/main/java/com/parking/ParkingApplication.java. Using fallback presentation compiler.
2026.02.02 18:51:01 INFO  no build target found for /Users/hector/Software-architecture/backend/src/main/java/com/parking/ParkingApplication.java. Using fallback presentation compiler.
